<?xml version="1.0" encoding="utf-8"?><testsuites name="pytest tests"><testsuite name="pytest" errors="0" failures="0" skipped="0" tests="22" time="4.321" timestamp="2026-07-04T19:09:59.300884+00:00" hostname="agent-env-01ac7296-9c69-4104-a1a8-e38a35b4a297"><testcase classname="backend.tests.test_integra_sys.TestHealthCheck" name="test_health_endpoint" time="0.214" /><testcase classname="backend.tests.test_integra_sys.TestAuthentication" name="test_super_admin_login" time="0.317" /><testcase classname="backend.tests.test_integra_sys.TestAuthentication" name="test_tenant_admin_login" time="0.325" /><testcase classname="backend.tests.test_integra_sys.TestAuthentication" name="test_cashier_login" time="0.395" /><testcase classname="backend.tests.test_integra_sys.TestAuthentication" name="test_invalid_credentials" time="0.095" /><testcase classname="backend.tests.test_integra_sys.TestAuthentication" name="test_get_me_authenticated" time="0.417" /><testcase classname="backend.tests.test_integra_sys.TestAuthentication" name="test_get_me_unauthenticated" time="0.100" /><testcase classname="backend.tests.test_integra_sys.TestAdminDashboard" name="test_admin_dashboard" time="0.110" /><testcase classname="backend.tests.test_integra_sys.TestAdminDashboard" name="test_admin_dashboard_unauthorized" time="0.430" /><testcase classname="backend.tests.test_integra_sys.TestAdminTenants" name="test_list_tenants" time="0.098" /><testcase classname="backend.tests.test_integra_sys.TestAdminPlans" name="test_list_plans" time="0.097" /><testcase classname="backend.tests.test_integra_sys.TestAdminLicenses" name="test_list_licenses" time="0.175" /><testcase classname="backend.tests.test_integra_sys.TestSaaSDashboard" name="test_saas_dashboard" time="0.102" /><testcase classname="backend.tests.test_integra_sys.TestSaaSProducts" name="test_list_products" time="0.113" /><testcase classname="backend.tests.test_integra_sys.TestSaaSClients" name="test_list_clients" time="0.103" /><testcase classname="backend.tests.test_integra_sys.TestSaaSFinancial" name="test_list_financial" time="0.102" /><testcase classname="backend.tests.test_integra_sys.TestPDV" name="test_pdv_products" time="0.438" /><testcase classname="backend.tests.test_integra_sys.TestPDV" name="test_pdv_cash_register_status" time="0.096" /><testcase classname="backend.tests.test_integra_sys.TestPDV" name="test_pdv_open_cash_register" time="0.143" /><testcase classname="backend.tests.test_integra_sys.TestPDV" name="test_pdv_create_sale" time="0.145" /><testcase classname="backend.tests.test_integra_sys.TestPDV" name="test_pdv_close_cash_register" time="0.102" /><testcase classname="backend.tests.test_integra_sys.TestLogout" name="test_logout" time="0.099" /></testsuite></testsuites>