<?xml version="1.0" encoding="utf-8"?><testsuites name="pytest tests"><testsuite name="pytest" errors="0" failures="3" skipped="0" tests="49" time="7.167" timestamp="2026-07-04T19:35:05.007057+00:00" hostname="agent-env-01ac7296-9c69-4104-a1a8-e38a35b4a297"><testcase classname="backend.tests.test_integra_sys_v2.TestHealthCheck" name="test_health_endpoint" time="0.260" /><testcase classname="backend.tests.test_integra_sys_v2.TestAuthentication" name="test_super_admin_login" time="0.323" /><testcase classname="backend.tests.test_integra_sys_v2.TestAuthentication" name="test_tenant_admin_login" time="0.326" /><testcase classname="backend.tests.test_integra_sys_v2.TestAuthentication" name="test_cashier_login" time="0.322" /><testcase classname="backend.tests.test_integra_sys_v2.TestAuthentication" name="test_invalid_credentials" time="0.118" /><testcase classname="backend.tests.test_integra_sys_v2.TestAdminDashboard" name="test_admin_dashboard_expanded_metrics" time="0.473" /><testcase classname="backend.tests.test_integra_sys_v2.TestAdminTenants" name="test_list_tenants_paginated" time="0.094" /><testcase classname="backend.tests.test_integra_sys_v2.TestAdminLicenses" name="test_list_licenses_paginated" time="0.113" /><testcase classname="backend.tests.test_integra_sys_v2.TestAdminPlans" name="test_list_plans" time="0.093" /><testcase classname="backend.tests.test_integra_sys_v2.TestAdminModules" name="test_list_modules" time="0.101" /><testcase classname="backend.tests.test_integra_sys_v2.TestAdminResellers" name="test_list_resellers" time="0.100"><failure message="AssertionError: Expected at least 2 resellers, got 0&#10;assert 0 &gt;= 2&#10; +  where 0 = len([])">backend/tests/test_integra_sys_v2.py:256: in test_list_resellers
    assert len(resellers) &gt;= 2, f"Expected at least 2 resellers, got {len(resellers)}"
E   AssertionError: Expected at least 2 resellers, got 0
E   assert 0 &gt;= 2
E    +  where 0 = len([])</failure></testcase><testcase classname="backend.tests.test_integra_sys_v2.TestAdminResellers" name="test_create_reseller" time="0.104" /><testcase classname="backend.tests.test_integra_sys_v2.TestAdminApiKeys" name="test_list_api_keys" time="0.102" /><testcase classname="backend.tests.test_integra_sys_v2.TestAdminApiKeys" name="test_create_api_key" time="0.109" /><testcase classname="backend.tests.test_integra_sys_v2.TestAdminWebhooks" name="test_list_webhooks" time="0.097" /><testcase classname="backend.tests.test_integra_sys_v2.TestAdminWebhooks" name="test_create_webhook" time="0.110" /><testcase classname="backend.tests.test_integra_sys_v2.TestAdminUsers" name="test_list_users" time="0.098" /><testcase classname="backend.tests.test_integra_sys_v2.TestAdminLogs" name="test_list_logs" time="0.096" /><testcase classname="backend.tests.test_integra_sys_v2.TestAdminSupport" name="test_list_support_tickets" time="0.099" /><testcase classname="backend.tests.test_integra_sys_v2.TestAdminSettings" name="test_get_settings" time="0.121" /><testcase classname="backend.tests.test_integra_sys_v2.TestSaaSDashboard" name="test_saas_dashboard" time="0.415" /><testcase classname="backend.tests.test_integra_sys_v2.TestSaaSProducts" name="test_list_products_paginated" time="0.125" /><testcase classname="backend.tests.test_integra_sys_v2.TestSaaSProducts" name="test_search_products" time="0.110" /><testcase classname="backend.tests.test_integra_sys_v2.TestSaaSServices" name="test_list_services" time="0.098"><failure message="AssertionError: Expected at least 5 services, got 0&#10;assert 0 &gt;= 5&#10; +  where 0 = len([])">backend/tests/test_integra_sys_v2.py:480: in test_list_services
    assert len(services) &gt;= 5, f"Expected at least 5 services, got {len(services)}"
E   AssertionError: Expected at least 5 services, got 0
E   assert 0 &gt;= 5
E    +  where 0 = len([])</failure></testcase><testcase classname="backend.tests.test_integra_sys_v2.TestSaaSServices" name="test_create_service" time="0.097" /><testcase classname="backend.tests.test_integra_sys_v2.TestSaaSClients" name="test_list_clients_paginated" time="0.100" /><testcase classname="backend.tests.test_integra_sys_v2.TestSaaSSuppliers" name="test_list_suppliers" time="0.096" /><testcase classname="backend.tests.test_integra_sys_v2.TestSaaSInventory" name="test_get_inventory_with_summary" time="0.102" /><testcase classname="backend.tests.test_integra_sys_v2.TestSaaSSales" name="test_list_sales_paginated" time="0.098" /><testcase classname="backend.tests.test_integra_sys_v2.TestSaaSFinancial" name="test_list_financial_paginated" time="0.108" /><testcase classname="backend.tests.test_integra_sys_v2.TestSaaSReports" name="test_sales_report" time="0.098" /><testcase classname="backend.tests.test_integra_sys_v2.TestSaaSReports" name="test_products_report" time="0.100" /><testcase classname="backend.tests.test_integra_sys_v2.TestSaaSReports" name="test_financial_report" time="0.106" /><testcase classname="backend.tests.test_integra_sys_v2.TestSaaSReports" name="test_clients_report" time="0.109" /><testcase classname="backend.tests.test_integra_sys_v2.TestSaaSPermissions" name="test_list_permissions" time="0.119" /><testcase classname="backend.tests.test_integra_sys_v2.TestSaaSUsers" name="test_list_tenant_users" time="0.094"><failure message="AssertionError: Expected at least 4 users, got 3&#10;assert 3 &gt;= 4&#10; +  where 3 = len([{'_id': '6a4958271b936e5c7b9ac041', 'email': 'admin@empresademo.com.br', 'name': 'Administrador Demo', 'role': 'admin', ...}, {'_id': '6a4958281b936e5c7b9ac042', 'email': 'gerente@empresademo.com.br', 'name': 'Carlos Gerente', 'role': 'manager', ...}, {'_id': '6a4958281b936e5c7b9ac043', 'email': 'caixa@empresademo.com.br', 'name': 'Ana Caixa', 'role': 'cashier', ...}])">backend/tests/test_integra_sys_v2.py:708: in test_list_tenant_users
    assert len(data) &gt;= 4, f"Expected at least 4 users, got {len(data)}"
E   AssertionError: Expected at least 4 users, got 3
E   assert 3 &gt;= 4
E    +  where 3 = len([{'_id': '6a4958271b936e5c7b9ac041', 'email': 'admin@empresademo.com.br', 'name': 'Administrador Demo', 'role': 'admin', ...}, {'_id': '6a4958281b936e5c7b9ac042', 'email': 'gerente@empresademo.com.br', 'name': 'Carlos Gerente', 'role': 'manager', ...}, {'_id': '6a4958281b936e5c7b9ac043', 'email': 'caixa@empresademo.com.br', 'name': 'Ana Caixa', 'role': 'cashier', ...}])</failure></testcase><testcase classname="backend.tests.test_integra_sys_v2.TestSaaSPdvSettings" name="test_get_pdv_settings" time="0.096" /><testcase classname="backend.tests.test_integra_sys_v2.TestSaaSRealEstate" name="test_list_real_estate" time="0.099" /><testcase classname="backend.tests.test_integra_sys_v2.TestSaaSVehicles" name="test_list_vehicles" time="0.095" /><testcase classname="backend.tests.test_integra_sys_v2.TestSaaSFiscal" name="test_get_fiscal_config" time="0.094" /><testcase classname="backend.tests.test_integra_sys_v2.TestSaaSFiscal" name="test_list_fiscal_invoices" time="0.096" /><testcase classname="backend.tests.test_integra_sys_v2.TestSaaSSupport" name="test_list_support_tickets" time="0.099" /><testcase classname="backend.tests.test_integra_sys_v2.TestPDV" name="test_pdv_products" time="0.417" /><testcase classname="backend.tests.test_integra_sys_v2.TestPDV" name="test_pdv_categories" time="0.095" /><testcase classname="backend.tests.test_integra_sys_v2.TestPDV" name="test_pdv_clients" time="0.107" /><testcase classname="backend.tests.test_integra_sys_v2.TestPDV" name="test_pdv_cash_register_flow" time="0.208" /><testcase classname="backend.tests.test_integra_sys_v2.TestPDV" name="test_pdv_sales_history" time="0.103" /><testcase classname="backend.tests.test_integra_sys_v2.TestPDV" name="test_pdv_config" time="0.103" /><testcase classname="backend.tests.test_integra_sys_v2.TestLogout" name="test_logout" time="0.107" /></testsuite></testsuites>